<?xml version="1.0" encoding="UTF-8" ?>
<testsuites>
  <testsuite errors="0" failures="1" hostname="rodrigo" id="0" name="RaceIntegrationTests" package="racetrack" tests="1" time="0.793" timestamp="2013-02-02T14:09:57">
      <properties />

      <testcase classname="racetrack.RaceIntegrationTests" name="testRaceDAtesBeforeToday" time="0.793">
          <failure message="junit.framework.AssertionFailedError: startDate field should be the culprit" type="junit.framework.AssertionFailedError">junit.framework.AssertionFailedError: junit.framework.AssertionFailedError: startDate field should be the culprit
	at racetrack.RaceIntegrationTests.testRaceDAtesBeforeToday(RaceIntegrationTests.groovy:28)
</failure>

      </testcase>

      <system-out><![CDATA[--Output from testRaceDAtesBeforeToday--

Errors
org.springframework.validation.BeanPropertyBindingResult: 6 errors
Field error in object 'racetrack.Race' on field 'city': rejected value [null]; codes [racetrack.Race.city.nullable.error.racetrack.Race.city,racetrack.Race.city.nullable.error.city,racetrack.Race.city.nullable.error.java.lang.String,racetrack.Race.city.nullable.error,race.city.nullable.error.racetrack.Race.city,race.city.nullable.error.city,race.city.nullable.error.java.lang.String,race.city.nullable.error,racetrack.Race.city.nullable.racetrack.Race.city,racetrack.Race.city.nullable.city,racetrack.Race.city.nullable.java.lang.String,racetrack.Race.city.nullable,race.city.nullable.racetrack.Race.city,race.city.nullable.city,race.city.nullable.java.lang.String,race.city.nullable,nullable.racetrack.Race.city,nullable.city,nullable.java.lang.String,nullable]; arguments [city,class racetrack.Race]; default message [O campo [{0}] da classe [{1}] não pode ser vazia]
Field error in object 'racetrack.Race' on field 'cost': rejected value [null]; codes [racetrack.Race.cost.nullable.error.racetrack.Race.cost,racetrack.Race.cost.nullable.error.cost,racetrack.Race.cost.nullable.error.java.math.BigDecimal,racetrack.Race.cost.nullable.error,race.cost.nullable.error.racetrack.Race.cost,race.cost.nullable.error.cost,race.cost.nullable.error.java.math.BigDecimal,race.cost.nullable.error,racetrack.Race.cost.nullable.racetrack.Race.cost,racetrack.Race.cost.nullable.cost,racetrack.Race.cost.nullable.java.math.BigDecimal,racetrack.Race.cost.nullable,race.cost.nullable.racetrack.Race.cost,race.cost.nullable.cost,race.cost.nullable.java.math.BigDecimal,race.cost.nullable,nullable.racetrack.Race.cost,nullable.cost,nullable.java.math.BigDecimal,nullable]; arguments [cost,class racetrack.Race]; default message [O campo [{0}] da classe [{1}] não pode ser vazia]
Field error in object 'racetrack.Race' on field 'distance': rejected value [null]; codes [racetrack.Race.distance.nullable.error.racetrack.Race.distance,racetrack.Race.distance.nullable.error.distance,racetrack.Race.distance.nullable.error.java.math.BigDecimal,racetrack.Race.distance.nullable.error,race.distance.nullable.error.racetrack.Race.distance,race.distance.nullable.error.distance,race.distance.nullable.error.java.math.BigDecimal,race.distance.nullable.error,racetrack.Race.distance.nullable.racetrack.Race.distance,racetrack.Race.distance.nullable.distance,racetrack.Race.distance.nullable.java.math.BigDecimal,racetrack.Race.distance.nullable,race.distance.nullable.racetrack.Race.distance,race.distance.nullable.distance,race.distance.nullable.java.math.BigDecimal,race.distance.nullable,nullable.racetrack.Race.distance,nullable.distance,nullable.java.math.BigDecimal,nullable]; arguments [distance,class racetrack.Race]; default message [O campo [{0}] da classe [{1}] não pode ser vazia]
Field error in object 'racetrack.Race' on field 'name': rejected value [null]; codes [racetrack.Race.name.nullable.error.racetrack.Race.name,racetrack.Race.name.nullable.error.name,racetrack.Race.name.nullable.error.java.lang.String,racetrack.Race.name.nullable.error,race.name.nullable.error.racetrack.Race.name,race.name.nullable.error.name,race.name.nullable.error.java.lang.String,race.name.nullable.error,racetrack.Race.name.nullable.racetrack.Race.name,racetrack.Race.name.nullable.name,racetrack.Race.name.nullable.java.lang.String,racetrack.Race.name.nullable,race.name.nullable.racetrack.Race.name,race.name.nullable.name,race.name.nullable.java.lang.String,race.name.nullable,nullable.racetrack.Race.name,nullable.name,nullable.java.lang.String,nullable]; arguments [name,class racetrack.Race]; default message [O campo [{0}] da classe [{1}] não pode ser vazia]
Field error in object 'racetrack.Race' on field 'startDate': rejected value [Sat Jan 26 12:09:58 BRST 2013]; codes [racetrack.Race.startDate.min.error.racetrack.Race.startDate,racetrack.Race.startDate.min.error.startDate,racetrack.Race.startDate.min.error.java.util.Date,racetrack.Race.startDate.min.error,race.startDate.min.error.racetrack.Race.startDate,race.startDate.min.error.startDate,race.startDate.min.error.java.util.Date,race.startDate.min.error,racetrack.Race.startDate.min.notmet.racetrack.Race.startDate,racetrack.Race.startDate.min.notmet.startDate,racetrack.Race.startDate.min.notmet.java.util.Date,racetrack.Race.startDate.min.notmet,race.startDate.min.notmet.racetrack.Race.startDate,race.startDate.min.notmet.startDate,race.startDate.min.notmet.java.util.Date,race.startDate.min.notmet,min.notmet.racetrack.Race.startDate,min.notmet.startDate,min.notmet.java.util.Date,min.notmet]; arguments [startDate,class racetrack.Race,Sat Jan 26 12:09:58 BRST 2013,Sat Feb 02 12:09:57 BRST 2013]; default message [O campo [{0}] da classe [{1}] com o valor [{2}] não atinge o valor mínimo [{3}]]
Field error in object 'racetrack.Race' on field 'state': rejected value [null]; codes [racetrack.Race.state.nullable.error.racetrack.Race.state,racetrack.Race.state.nullable.error.state,racetrack.Race.state.nullable.error.java.lang.String,racetrack.Race.state.nullable.error,race.state.nullable.error.racetrack.Race.state,race.state.nullable.error.state,race.state.nullable.error.java.lang.String,race.state.nullable.error,racetrack.Race.state.nullable.racetrack.Race.state,racetrack.Race.state.nullable.state,racetrack.Race.state.nullable.java.lang.String,racetrack.Race.state.nullable,race.state.nullable.racetrack.Race.state,race.state.nullable.state,race.state.nullable.java.lang.String,race.state.nullable,nullable.racetrack.Race.state,nullable.state,nullable.java.lang.String,nullable]; arguments [state,class racetrack.Race]; default message [O campo [{0}] da classe [{1}] não pode ser vazia]

Bad Field:
Field error in object 'racetrack.Race' on field 'startDate': rejected value [Sat Jan 26 12:09:58 BRST 2013]; codes [racetrack.Race.startDate.min.error.racetrack.Race.startDate,racetrack.Race.startDate.min.error.startDate,racetrack.Race.startDate.min.error.java.util.Date,racetrack.Race.startDate.min.error,race.startDate.min.error.racetrack.Race.startDate,race.startDate.min.error.startDate,race.startDate.min.error.java.util.Date,race.startDate.min.error,racetrack.Race.startDate.min.notmet.racetrack.Race.startDate,racetrack.Race.startDate.min.notmet.startDate,racetrack.Race.startDate.min.notmet.java.util.Date,racetrack.Race.startDate.min.notmet,race.startDate.min.notmet.racetrack.Race.startDate,race.startDate.min.notmet.startDate,race.startDate.min.notmet.java.util.Date,race.startDate.min.notmet,min.notmet.racetrack.Race.startDate,min.notmet.startDate,min.notmet.java.util.Date,min.notmet]; arguments [startDate,class racetrack.Race,Sat Jan 26 12:09:58 BRST 2013,Sat Feb 02 12:09:57 BRST 2013]; default message [O campo [{0}] da classe [{1}] com o valor [{2}] não atinge o valor mínimo [{3}]]

Code
the custom validator for startDate wasn't found
]]></system-out>

      <system-err><![CDATA[--Output from testRaceDAtesBeforeToday--
]]></system-err>

  </testsuite>
  <testsuite errors="0" failures="0" hostname="rodrigo" id="1" name="RaceControllerTests" package="racetrack" tests="1" time="0.982" timestamp="2013-02-02T14:09:44">
      <properties />

      <testcase classname="racetrack.RaceControllerTests" name="testSomething" time="0.928" />

      <system-out><![CDATA[--Output from testSomething--
]]></system-out>

      <system-err><![CDATA[--Output from testSomething--
]]></system-err>

  </testsuite>
  <testsuite errors="0" failures="0" hostname="rodrigo" id="2" name="RaceTests" package="racetrack" tests="1" time="0.073" timestamp="2013-02-02T14:09:45">
      <properties />

      <testcase classname="racetrack.RaceTests" name="testSomething" time="0.07" />

      <system-out><![CDATA[--Output from testSomething--
]]></system-out>

      <system-err><![CDATA[--Output from testSomething--
]]></system-err>

  </testsuite>
  <testsuite errors="0" failures="0" hostname="rodrigo" id="3" name="RegistrationControllerTests" package="racetrack" tests="1" time="0.118" timestamp="2013-02-02T14:09:45">
      <properties />

      <testcase classname="racetrack.RegistrationControllerTests" name="testSomething" time="0.073" />

      <system-out><![CDATA[--Output from testSomething--
]]></system-out>

      <system-err><![CDATA[--Output from testSomething--
]]></system-err>

  </testsuite>
  <testsuite errors="0" failures="0" hostname="rodrigo" id="4" name="RegistrationTests" package="racetrack" tests="1" time="0.047" timestamp="2013-02-02T14:09:45">
      <properties />

      <testcase classname="racetrack.RegistrationTests" name="testSomething" time="0.009" />

      <system-out><![CDATA[--Output from testSomething--
]]></system-out>

      <system-err><![CDATA[--Output from testSomething--
]]></system-err>

  </testsuite>
</testsuites>
